<?xml version="1.0" encoding="UTF-8"?>
<!-- Generated by org.testng.reporters.JUnitReportReporter -->
<testsuite skipped="0" hostname="DESKTOP-S6MRK8J" name="com.qa.testcases.loginpagetest" tests="2" failures="0" timestamp="2020-06-21T21:27:19 EET" time="32.682" errors="0">
  <testcase name="loginPageTitleTest" time="0.069" classname="com.qa.testcases.loginpagetest"/>
  <system-out/>
  <testcase name="loginTest" time="32.613" classname="com.qa.testcases.loginpagetest"/>
  <system-out/>
</testsuite> <!-- com.qa.testcases.loginpagetest -->
